<?xml version="1.0" encoding="UTF-8"?>
<!-- Generated by org.testng.reporters.JUnitReportReporter -->
<testsuite hostname="DELOWER4-PC" failures="0" tests="1" name="SandaliaApps.appidroid.Open" time="14.119" errors="0" timestamp="2024-04-04T10:37:51 BDT" skipped="0">
  <testcase classname="SandaliaApps.appidroid.Open" name="test" time="14.119"/>
</testsuite> <!-- SandaliaApps.appidroid.Open -->
