<?xml version="1.0" encoding="UTF-8"?>
<!-- Generated by org.testng.reporters.JUnitReportReporter -->
<testsuite hostname="DELOWER4-PC" failures="0" tests="1" name="SandaliaApps.appidroid.OpenApk" time="13.562" errors="0" timestamp="2024-04-04T10:50:58 BDT" skipped="0">
  <testcase classname="SandaliaApps.appidroid.OpenApk" name="test" time="13.562"/>
</testsuite> <!-- SandaliaApps.appidroid.OpenApk -->
